[2020-05-21 03:05:21.422] [yourJOB] [restartedMain] [] [INFO] my.pro.job.YourJobApplication - No active profile set, falling back to default profiles: default
[2020-05-21 03:05:23.812] [yourJOB] [restartedMain] [] [INFO] o.s.d.r.c.RepositoryConfigurationDelegate - Multiple Spring Data modules found, entering strict repository configuration mode!
[2020-05-21 03:05:23.817] [yourJOB] [restartedMain] [] [INFO] o.s.d.r.c.RepositoryConfigurationDelegate - Bootstrapping Spring Data JPA repositories in DEFAULT mode.
[2020-05-21 03:05:23.956] [yourJOB] [restartedMain] [] [INFO] o.s.d.r.c.RepositoryConfigurationExtensionSupport - Spring Data JPA - Could not safely identify store assignment for repository candidate interface my.pro.job.util.aop.audit.AuditRepository. If you want this repository to be a JPA repository, consider annotating your entities with one of these annotations: javax.persistence.Entity, javax.persistence.MappedSuperclass (preferred), or consider extending one of the following types with your repository: org.springframework.data.jpa.repository.JpaRepository.
[2020-05-21 03:05:24.005] [yourJOB] [restartedMain] [] [INFO] o.s.d.r.c.RepositoryConfigurationDelegate - Finished Spring Data repository scanning in 168ms. Found 1 JPA repository interfaces.
[2020-05-21 03:05:24.018] [yourJOB] [restartedMain] [] [INFO] o.s.d.r.c.RepositoryConfigurationDelegate - Multiple Spring Data modules found, entering strict repository configuration mode!
[2020-05-21 03:05:24.020] [yourJOB] [restartedMain] [] [INFO] o.s.d.r.c.RepositoryConfigurationDelegate - Bootstrapping Spring Data LDAP repositories in DEFAULT mode.
[2020-05-21 03:05:24.057] [yourJOB] [restartedMain] [] [INFO] o.s.d.r.c.RepositoryConfigurationExtensionSupport - Spring Data LDAP - Could not safely identify store assignment for repository candidate interface my.pro.job.repository.AccountRepository. If you want this repository to be a LDAP repository, consider annotating your entities with one of these annotations: org.springframework.ldap.odm.annotations.Entry (preferred), or consider extending one of the following types with your repository: org.springframework.data.ldap.repository.LdapRepository.
[2020-05-21 03:05:24.058] [yourJOB] [restartedMain] [] [INFO] o.s.d.r.c.RepositoryConfigurationExtensionSupport - Spring Data LDAP - Could not safely identify store assignment for repository candidate interface my.pro.job.util.aop.audit.AuditRepository. If you want this repository to be a LDAP repository, consider annotating your entities with one of these annotations: org.springframework.ldap.odm.annotations.Entry (preferred), or consider extending one of the following types with your repository: org.springframework.data.ldap.repository.LdapRepository.
[2020-05-21 03:05:24.058] [yourJOB] [restartedMain] [] [INFO] o.s.d.r.c.RepositoryConfigurationDelegate - Finished Spring Data repository scanning in 37ms. Found 0 LDAP repository interfaces.
[2020-05-21 03:05:24.068] [yourJOB] [restartedMain] [] [INFO] o.s.d.r.c.RepositoryConfigurationDelegate - Multiple Spring Data modules found, entering strict repository configuration mode!
[2020-05-21 03:05:24.068] [yourJOB] [restartedMain] [] [INFO] o.s.d.r.c.RepositoryConfigurationDelegate - Bootstrapping Spring Data MongoDB repositories in DEFAULT mode.
[2020-05-21 03:05:24.097] [yourJOB] [restartedMain] [] [INFO] o.s.d.r.c.RepositoryConfigurationExtensionSupport - Spring Data MongoDB - Could not safely identify store assignment for repository candidate interface my.pro.job.repository.AccountRepository. If you want this repository to be a MongoDB repository, consider annotating your entities with one of these annotations: org.springframework.data.mongodb.core.mapping.Document (preferred), or consider extending one of the following types with your repository: org.springframework.data.mongodb.repository.MongoRepository.
[2020-05-21 03:05:24.118] [yourJOB] [restartedMain] [] [INFO] o.s.d.r.c.RepositoryConfigurationDelegate - Finished Spring Data repository scanning in 49ms. Found 1 MongoDB repository interfaces.
[2020-05-21 03:05:24.615] [yourJOB] [restartedMain] [] [INFO] o.s.cloud.context.scope.GenericScope - BeanFactory id=6fde3a16-2969-3a80-ba9e-718a4006336b
[2020-05-21 03:05:27.625] [yourJOB] [restartedMain] [] [INFO] o.s.b.w.e.tomcat.TomcatWebServer - Tomcat initialized with port(s): 8080 (http)
[2020-05-21 03:05:27.646] [yourJOB] [restartedMain] [] [INFO] o.a.coyote.http11.Http11NioProtocol - Initializing ProtocolHandler ["http-nio-8080"]
[2020-05-21 03:05:27.647] [yourJOB] [restartedMain] [] [INFO] o.a.catalina.core.StandardService - Starting service [Tomcat]
[2020-05-21 03:05:27.647] [yourJOB] [restartedMain] [] [INFO] o.a.catalina.core.StandardEngine - Starting Servlet engine: [Apache Tomcat/9.0.34]
[2020-05-21 03:05:27.902] [yourJOB] [restartedMain] [] [INFO] o.a.c.c.C.[Tomcat].[localhost].[/] - Initializing Spring embedded WebApplicationContext
[2020-05-21 03:05:27.903] [yourJOB] [restartedMain] [] [INFO] o.s.web.context.ContextLoader - Root WebApplicationContext: initialization completed in 6451 ms
[2020-05-21 03:05:28.300] [yourJOB] [restartedMain] [] [INFO] com.zaxxer.hikari.HikariDataSource - HikariPool-1 - Starting...
[2020-05-21 03:05:28.975] [yourJOB] [restartedMain] [] [INFO] com.zaxxer.hikari.HikariDataSource - HikariPool-1 - Start completed.
[2020-05-21 03:05:28.999] [yourJOB] [restartedMain] [] [INFO] o.s.b.a.h.H2ConsoleAutoConfiguration - H2 console available at '/h2-console'. Database available at 'jdbc:h2:mem:testdb'
[2020-05-21 03:05:29.366] [yourJOB] [restartedMain] [] [INFO] o.s.l.c.s.AbstractContextSource - Property 'userDn' not set - anonymous context will be used for read-write operations
[2020-05-21 03:05:31.385] [yourJOB] [restartedMain] [] [INFO] org.mongodb.driver.cluster - Cluster created with settings {hosts=[localhost:27017], mode=SINGLE, requiredClusterType=UNKNOWN, serverSelectionTimeout='30000 ms', maxWaitQueueSize=500}
[2020-05-21 03:05:31.590] [yourJOB] [cluster-ClusterId{value='5ec5effb20612c6649c55810', description='null'}-localhost:27017] [] [INFO] org.mongodb.driver.connection - Opened connection [connectionId{localValue:1, serverValue:1738}] to localhost:27017
[2020-05-21 03:05:31.608] [yourJOB] [cluster-ClusterId{value='5ec5effb20612c6649c55810', description='null'}-localhost:27017] [] [INFO] org.mongodb.driver.cluster - Monitor thread successfully connected to server with description ServerDescription{address=localhost:27017, type=STANDALONE, state=CONNECTED, ok=true, version=ServerVersion{versionList=[4, 2, 3]}, minWireVersion=0, maxWireVersion=8, maxDocumentSize=16777216, logicalSessionTimeoutMinutes=30, roundTripTimeNanos=9106400}
[2020-05-21 03:05:32.931] [yourJOB] [restartedMain] [] [INFO] o.h.jpa.internal.util.LogHelper - HHH000204: Processing PersistenceUnitInfo [name: default]
[2020-05-21 03:05:33.136] [yourJOB] [restartedMain] [] [INFO] org.hibernate.Version - HHH000412: Hibernate ORM core version 5.4.15.Final
[2020-05-21 03:05:33.548] [yourJOB] [restartedMain] [] [INFO] o.h.annotations.common.Version - HCANN000001: Hibernate Commons Annotations {5.1.0.Final}
[2020-05-21 03:05:33.986] [yourJOB] [restartedMain] [] [INFO] org.hibernate.dialect.Dialect - HHH000400: Using dialect: org.hibernate.dialect.H2Dialect
[2020-05-21 03:05:34.921] [yourJOB] [restartedMain] [] [WARN] o.s.b.w.s.c.AnnotationConfigServletWebServerApplicationContext - Exception encountered during context initialization - cancelling refresh attempt: org.springframework.beans.factory.BeanCreationException: Error creating bean with name 'entityManagerFactory' defined in class path resource [org/springframework/boot/autoconfigure/orm/jpa/HibernateJpaConfiguration.class]: Invocation of init method failed; nested exception is org.hibernate.AnnotationException: Attribute [my.pro.job.entity.Candidate.languages] was annotated as enumerated, but its java type is not an enum [java.util.List]
[2020-05-21 03:05:35.178] [yourJOB] [restartedMain] [] [WARN] o.s.b.f.s.DisposableBeanAdapter - Invocation of destroy method failed on bean with name 'inMemoryDatabaseShutdownExecutor': org.h2.jdbc.JdbcSQLNonTransientConnectionException: La base de données est déjà fermée (pour désactiver la fermeture automatique à l'arrêt de la VM, ajoutez "; DB_CLOSE_ON_EXIT = FALSE" à l'URL db)
Database is already closed (to disable automatic closing at VM shutdown, add ";DB_CLOSE_ON_EXIT=FALSE" to the db URL) [90121-200]
[2020-05-21 03:05:35.191] [yourJOB] [restartedMain] [] [INFO] com.zaxxer.hikari.HikariDataSource - HikariPool-1 - Shutdown initiated...
[2020-05-21 03:05:35.207] [yourJOB] [restartedMain] [] [INFO] com.zaxxer.hikari.HikariDataSource - HikariPool-1 - Shutdown completed.
[2020-05-21 03:05:35.218] [yourJOB] [restartedMain] [] [INFO] o.a.catalina.core.StandardService - Stopping service [Tomcat]
[2020-05-21 03:05:35.320] [yourJOB] [restartedMain] [] [INFO] o.s.b.a.l.ConditionEvaluationReportLoggingListener - 

Error starting ApplicationContext. To display the conditions report re-run your application with 'debug' enabled.
[2020-05-21 03:05:35.340] [yourJOB] [restartedMain] [] [ERROR] o.s.boot.SpringApplication - Application run failed
org.springframework.beans.factory.BeanCreationException: Error creating bean with name 'entityManagerFactory' defined in class path resource [org/springframework/boot/autoconfigure/orm/jpa/HibernateJpaConfiguration.class]: Invocation of init method failed; nested exception is org.hibernate.AnnotationException: Attribute [my.pro.job.entity.Candidate.languages] was annotated as enumerated, but its java type is not an enum [java.util.List]
	at org.springframework.beans.factory.support.AbstractAutowireCapableBeanFactory.initializeBean(AbstractAutowireCapableBeanFactory.java:1796)
	at org.springframework.beans.factory.support.AbstractAutowireCapableBeanFactory.doCreateBean(AbstractAutowireCapableBeanFactory.java:595)
	at org.springframework.beans.factory.support.AbstractAutowireCapableBeanFactory.createBean(AbstractAutowireCapableBeanFactory.java:517)
	at org.springframework.beans.factory.support.AbstractBeanFactory.lambda$doGetBean$0(AbstractBeanFactory.java:323)
	at org.springframework.beans.factory.support.DefaultSingletonBeanRegistry.getSingleton(DefaultSingletonBeanRegistry.java:226)
	at org.springframework.beans.factory.support.AbstractBeanFactory.doGetBean(AbstractBeanFactory.java:321)
	at org.springframework.beans.factory.support.AbstractBeanFactory.getBean(AbstractBeanFactory.java:202)
	at org.springframework.context.support.AbstractApplicationContext.getBean(AbstractApplicationContext.java:1108)
	at org.springframework.context.support.AbstractApplicationContext.finishBeanFactoryInitialization(AbstractApplicationContext.java:868)
	at org.springframework.context.support.AbstractApplicationContext.refresh(AbstractApplicationContext.java:550)
	at org.springframework.boot.web.servlet.context.ServletWebServerApplicationContext.refresh(ServletWebServerApplicationContext.java:141)
	at org.springframework.boot.SpringApplication.refresh(SpringApplication.java:747)
	at org.springframework.boot.SpringApplication.refreshContext(SpringApplication.java:397)
	at org.springframework.boot.SpringApplication.run(SpringApplication.java:315)
	at org.springframework.boot.SpringApplication.run(SpringApplication.java:1226)
	at org.springframework.boot.SpringApplication.run(SpringApplication.java:1215)
	at my.pro.job.YourJobApplication.main(YourJobApplication.java:13)
	at sun.reflect.NativeMethodAccessorImpl.invoke0(Native Method)
	at sun.reflect.NativeMethodAccessorImpl.invoke(NativeMethodAccessorImpl.java:62)
	at sun.reflect.DelegatingMethodAccessorImpl.invoke(DelegatingMethodAccessorImpl.java:43)
	at java.lang.reflect.Method.invoke(Method.java:498)
	at org.springframework.boot.devtools.restart.RestartLauncher.run(RestartLauncher.java:49)
Caused by: org.hibernate.AnnotationException: Attribute [my.pro.job.entity.Candidate.languages] was annotated as enumerated, but its java type is not an enum [java.util.List]
	at org.hibernate.cfg.annotations.SimpleValueBinder.setType(SimpleValueBinder.java:267)
	at org.hibernate.cfg.annotations.PropertyBinder.makePropertyAndValue(PropertyBinder.java:185)
	at org.hibernate.cfg.annotations.PropertyBinder.makePropertyValueAndBind(PropertyBinder.java:205)
	at org.hibernate.cfg.AnnotationBinder.processElementAnnotations(AnnotationBinder.java:2282)
	at org.hibernate.cfg.AnnotationBinder.processIdPropertiesIfNotAlready(AnnotationBinder.java:975)
	at org.hibernate.cfg.AnnotationBinder.bindClass(AnnotationBinder.java:802)
	at org.hibernate.boot.model.source.internal.annotations.AnnotationMetadataSourceProcessorImpl.processEntityHierarchies(AnnotationMetadataSourceProcessorImpl.java:254)
	at org.hibernate.boot.model.process.spi.MetadataBuildingProcess$1.processEntityHierarchies(MetadataBuildingProcess.java:230)
	at org.hibernate.boot.model.process.spi.MetadataBuildingProcess.complete(MetadataBuildingProcess.java:273)
	at org.hibernate.jpa.boot.internal.EntityManagerFactoryBuilderImpl.metadata(EntityManagerFactoryBuilderImpl.java:1214)
	at org.hibernate.jpa.boot.internal.EntityManagerFactoryBuilderImpl.build(EntityManagerFactoryBuilderImpl.java:1245)
	at org.springframework.orm.jpa.vendor.SpringHibernateJpaPersistenceProvider.createContainerEntityManagerFactory(SpringHibernateJpaPersistenceProvider.java:58)
	at org.springframework.orm.jpa.LocalContainerEntityManagerFactoryBean.createNativeEntityManagerFactory(LocalContainerEntityManagerFactoryBean.java:365)
	at org.springframework.orm.jpa.AbstractEntityManagerFactoryBean.buildNativeEntityManagerFactory(AbstractEntityManagerFactoryBean.java:391)
	at org.springframework.orm.jpa.AbstractEntityManagerFactoryBean.afterPropertiesSet(AbstractEntityManagerFactoryBean.java:378)
	at org.springframework.orm.jpa.LocalContainerEntityManagerFactoryBean.afterPropertiesSet(LocalContainerEntityManagerFactoryBean.java:341)
	at org.springframework.beans.factory.support.AbstractAutowireCapableBeanFactory.invokeInitMethods(AbstractAutowireCapableBeanFactory.java:1855)
	at org.springframework.beans.factory.support.AbstractAutowireCapableBeanFactory.initializeBean(AbstractAutowireCapableBeanFactory.java:1792)
	... 21 common frames omitted
[2020-05-21 03:36:20.450] [yourJOB] [restartedMain] [] [INFO] my.pro.job.YourJobApplication - No active profile set, falling back to default profiles: default
[2020-05-21 03:36:22.396] [yourJOB] [restartedMain] [] [INFO] o.s.d.r.c.RepositoryConfigurationDelegate - Multiple Spring Data modules found, entering strict repository configuration mode!
[2020-05-21 03:36:22.399] [yourJOB] [restartedMain] [] [INFO] o.s.d.r.c.RepositoryConfigurationDelegate - Bootstrapping Spring Data JPA repositories in DEFAULT mode.
[2020-05-21 03:36:22.509] [yourJOB] [restartedMain] [] [INFO] o.s.d.r.c.RepositoryConfigurationExtensionSupport - Spring Data JPA - Could not safely identify store assignment for repository candidate interface my.pro.job.util.aop.audit.AuditRepository. If you want this repository to be a JPA repository, consider annotating your entities with one of these annotations: javax.persistence.Entity, javax.persistence.MappedSuperclass (preferred), or consider extending one of the following types with your repository: org.springframework.data.jpa.repository.JpaRepository.
[2020-05-21 03:36:22.553] [yourJOB] [restartedMain] [] [INFO] o.s.d.r.c.RepositoryConfigurationDelegate - Finished Spring Data repository scanning in 136ms. Found 1 JPA repository interfaces.
[2020-05-21 03:36:22.566] [yourJOB] [restartedMain] [] [INFO] o.s.d.r.c.RepositoryConfigurationDelegate - Multiple Spring Data modules found, entering strict repository configuration mode!
[2020-05-21 03:36:22.567] [yourJOB] [restartedMain] [] [INFO] o.s.d.r.c.RepositoryConfigurationDelegate - Bootstrapping Spring Data LDAP repositories in DEFAULT mode.
[2020-05-21 03:36:22.606] [yourJOB] [restartedMain] [] [INFO] o.s.d.r.c.RepositoryConfigurationExtensionSupport - Spring Data LDAP - Could not safely identify store assignment for repository candidate interface my.pro.job.repository.AccountRepository. If you want this repository to be a LDAP repository, consider annotating your entities with one of these annotations: org.springframework.ldap.odm.annotations.Entry (preferred), or consider extending one of the following types with your repository: org.springframework.data.ldap.repository.LdapRepository.
[2020-05-21 03:36:22.609] [yourJOB] [restartedMain] [] [INFO] o.s.d.r.c.RepositoryConfigurationExtensionSupport - Spring Data LDAP - Could not safely identify store assignment for repository candidate interface my.pro.job.util.aop.audit.AuditRepository. If you want this repository to be a LDAP repository, consider annotating your entities with one of these annotations: org.springframework.ldap.odm.annotations.Entry (preferred), or consider extending one of the following types with your repository: org.springframework.data.ldap.repository.LdapRepository.
[2020-05-21 03:36:22.609] [yourJOB] [restartedMain] [] [INFO] o.s.d.r.c.RepositoryConfigurationDelegate - Finished Spring Data repository scanning in 40ms. Found 0 LDAP repository interfaces.
[2020-05-21 03:36:22.623] [yourJOB] [restartedMain] [] [INFO] o.s.d.r.c.RepositoryConfigurationDelegate - Multiple Spring Data modules found, entering strict repository configuration mode!
[2020-05-21 03:36:22.624] [yourJOB] [restartedMain] [] [INFO] o.s.d.r.c.RepositoryConfigurationDelegate - Bootstrapping Spring Data MongoDB repositories in DEFAULT mode.
[2020-05-21 03:36:22.659] [yourJOB] [restartedMain] [] [INFO] o.s.d.r.c.RepositoryConfigurationExtensionSupport - Spring Data MongoDB - Could not safely identify store assignment for repository candidate interface my.pro.job.repository.AccountRepository. If you want this repository to be a MongoDB repository, consider annotating your entities with one of these annotations: org.springframework.data.mongodb.core.mapping.Document (preferred), or consider extending one of the following types with your repository: org.springframework.data.mongodb.repository.MongoRepository.
[2020-05-21 03:36:22.683] [yourJOB] [restartedMain] [] [INFO] o.s.d.r.c.RepositoryConfigurationDelegate - Finished Spring Data repository scanning in 58ms. Found 1 MongoDB repository interfaces.
[2020-05-21 03:36:23.131] [yourJOB] [restartedMain] [] [INFO] o.s.cloud.context.scope.GenericScope - BeanFactory id=6fde3a16-2969-3a80-ba9e-718a4006336b
[2020-05-21 03:36:25.739] [yourJOB] [restartedMain] [] [INFO] o.s.b.w.e.tomcat.TomcatWebServer - Tomcat initialized with port(s): 8080 (http)
[2020-05-21 03:36:25.762] [yourJOB] [restartedMain] [] [INFO] o.a.coyote.http11.Http11NioProtocol - Initializing ProtocolHandler ["http-nio-8080"]
[2020-05-21 03:36:25.763] [yourJOB] [restartedMain] [] [INFO] o.a.catalina.core.StandardService - Starting service [Tomcat]
[2020-05-21 03:36:25.763] [yourJOB] [restartedMain] [] [INFO] o.a.catalina.core.StandardEngine - Starting Servlet engine: [Apache Tomcat/9.0.34]
[2020-05-21 03:36:26.008] [yourJOB] [restartedMain] [] [INFO] o.a.c.c.C.[Tomcat].[localhost].[/] - Initializing Spring embedded WebApplicationContext
[2020-05-21 03:36:26.008] [yourJOB] [restartedMain] [] [INFO] o.s.web.context.ContextLoader - Root WebApplicationContext: initialization completed in 5534 ms
[2020-05-21 03:36:26.310] [yourJOB] [restartedMain] [] [INFO] com.zaxxer.hikari.HikariDataSource - HikariPool-1 - Starting...
[2020-05-21 03:36:26.746] [yourJOB] [restartedMain] [] [INFO] com.zaxxer.hikari.HikariDataSource - HikariPool-1 - Start completed.
[2020-05-21 03:36:26.768] [yourJOB] [restartedMain] [] [INFO] o.s.b.a.h.H2ConsoleAutoConfiguration - H2 console available at '/h2-console'. Database available at 'jdbc:h2:mem:testdb'
[2020-05-21 03:36:27.056] [yourJOB] [restartedMain] [] [INFO] o.s.l.c.s.AbstractContextSource - Property 'userDn' not set - anonymous context will be used for read-write operations
[2020-05-21 03:36:28.450] [yourJOB] [restartedMain] [] [INFO] org.mongodb.driver.cluster - Cluster created with settings {hosts=[localhost:27017], mode=SINGLE, requiredClusterType=UNKNOWN, serverSelectionTimeout='30000 ms', maxWaitQueueSize=500}
[2020-05-21 03:36:28.562] [yourJOB] [cluster-ClusterId{value='5ec5f73c10ed0e6cfd5cdfd0', description='null'}-localhost:27017] [] [INFO] org.mongodb.driver.connection - Opened connection [connectionId{localValue:1, serverValue:1739}] to localhost:27017
[2020-05-21 03:36:28.574] [yourJOB] [cluster-ClusterId{value='5ec5f73c10ed0e6cfd5cdfd0', description='null'}-localhost:27017] [] [INFO] org.mongodb.driver.cluster - Monitor thread successfully connected to server with description ServerDescription{address=localhost:27017, type=STANDALONE, state=CONNECTED, ok=true, version=ServerVersion{versionList=[4, 2, 3]}, minWireVersion=0, maxWireVersion=8, maxDocumentSize=16777216, logicalSessionTimeoutMinutes=30, roundTripTimeNanos=6523300}
[2020-05-21 03:36:29.435] [yourJOB] [restartedMain] [] [INFO] o.h.jpa.internal.util.LogHelper - HHH000204: Processing PersistenceUnitInfo [name: default]
[2020-05-21 03:36:29.552] [yourJOB] [restartedMain] [] [INFO] org.hibernate.Version - HHH000412: Hibernate ORM core version 5.4.15.Final
[2020-05-21 03:36:29.839] [yourJOB] [restartedMain] [] [INFO] o.h.annotations.common.Version - HCANN000001: Hibernate Commons Annotations {5.1.0.Final}
[2020-05-21 03:36:30.116] [yourJOB] [restartedMain] [] [INFO] org.hibernate.dialect.Dialect - HHH000400: Using dialect: org.hibernate.dialect.H2Dialect
[2020-05-21 03:36:30.777] [yourJOB] [restartedMain] [] [WARN] o.s.b.w.s.c.AnnotationConfigServletWebServerApplicationContext - Exception encountered during context initialization - cancelling refresh attempt: org.springframework.beans.factory.BeanCreationException: Error creating bean with name 'entityManagerFactory' defined in class path resource [org/springframework/boot/autoconfigure/orm/jpa/HibernateJpaConfiguration.class]: Invocation of init method failed; nested exception is org.hibernate.AnnotationException: No identifier specified for entity: my.pro.job.entity.Language
[2020-05-21 03:36:31.002] [yourJOB] [restartedMain] [] [WARN] o.s.b.f.s.DisposableBeanAdapter - Invocation of destroy method failed on bean with name 'inMemoryDatabaseShutdownExecutor': org.h2.jdbc.JdbcSQLNonTransientConnectionException: La base de données est déjà fermée (pour désactiver la fermeture automatique à l'arrêt de la VM, ajoutez "; DB_CLOSE_ON_EXIT = FALSE" à l'URL db)
Database is already closed (to disable automatic closing at VM shutdown, add ";DB_CLOSE_ON_EXIT=FALSE" to the db URL) [90121-200]
[2020-05-21 03:36:31.008] [yourJOB] [restartedMain] [] [INFO] com.zaxxer.hikari.HikariDataSource - HikariPool-1 - Shutdown initiated...
[2020-05-21 03:36:31.014] [yourJOB] [restartedMain] [] [INFO] com.zaxxer.hikari.HikariDataSource - HikariPool-1 - Shutdown completed.
[2020-05-21 03:36:31.019] [yourJOB] [restartedMain] [] [INFO] o.a.catalina.core.StandardService - Stopping service [Tomcat]
[2020-05-21 03:36:31.048] [yourJOB] [restartedMain] [] [INFO] o.s.b.a.l.ConditionEvaluationReportLoggingListener - 

Error starting ApplicationContext. To display the conditions report re-run your application with 'debug' enabled.
[2020-05-21 03:36:31.055] [yourJOB] [restartedMain] [] [ERROR] o.s.boot.SpringApplication - Application run failed
org.springframework.beans.factory.BeanCreationException: Error creating bean with name 'entityManagerFactory' defined in class path resource [org/springframework/boot/autoconfigure/orm/jpa/HibernateJpaConfiguration.class]: Invocation of init method failed; nested exception is org.hibernate.AnnotationException: No identifier specified for entity: my.pro.job.entity.Language
	at org.springframework.beans.factory.support.AbstractAutowireCapableBeanFactory.initializeBean(AbstractAutowireCapableBeanFactory.java:1796)
	at org.springframework.beans.factory.support.AbstractAutowireCapableBeanFactory.doCreateBean(AbstractAutowireCapableBeanFactory.java:595)
	at org.springframework.beans.factory.support.AbstractAutowireCapableBeanFactory.createBean(AbstractAutowireCapableBeanFactory.java:517)
	at org.springframework.beans.factory.support.AbstractBeanFactory.lambda$doGetBean$0(AbstractBeanFactory.java:323)
	at org.springframework.beans.factory.support.DefaultSingletonBeanRegistry.getSingleton(DefaultSingletonBeanRegistry.java:226)
	at org.springframework.beans.factory.support.AbstractBeanFactory.doGetBean(AbstractBeanFactory.java:321)
	at org.springframework.beans.factory.support.AbstractBeanFactory.getBean(AbstractBeanFactory.java:202)
	at org.springframework.context.support.AbstractApplicationContext.getBean(AbstractApplicationContext.java:1108)
	at org.springframework.context.support.AbstractApplicationContext.finishBeanFactoryInitialization(AbstractApplicationContext.java:868)
	at org.springframework.context.support.AbstractApplicationContext.refresh(AbstractApplicationContext.java:550)
	at org.springframework.boot.web.servlet.context.ServletWebServerApplicationContext.refresh(ServletWebServerApplicationContext.java:141)
	at org.springframework.boot.SpringApplication.refresh(SpringApplication.java:747)
	at org.springframework.boot.SpringApplication.refreshContext(SpringApplication.java:397)
	at org.springframework.boot.SpringApplication.run(SpringApplication.java:315)
	at org.springframework.boot.SpringApplication.run(SpringApplication.java:1226)
	at org.springframework.boot.SpringApplication.run(SpringApplication.java:1215)
	at my.pro.job.YourJobApplication.main(YourJobApplication.java:13)
	at sun.reflect.NativeMethodAccessorImpl.invoke0(Native Method)
	at sun.reflect.NativeMethodAccessorImpl.invoke(NativeMethodAccessorImpl.java:62)
	at sun.reflect.DelegatingMethodAccessorImpl.invoke(DelegatingMethodAccessorImpl.java:43)
	at java.lang.reflect.Method.invoke(Method.java:498)
	at org.springframework.boot.devtools.restart.RestartLauncher.run(RestartLauncher.java:49)
Caused by: org.hibernate.AnnotationException: No identifier specified for entity: my.pro.job.entity.Language
	at org.hibernate.cfg.InheritanceState.determineDefaultAccessType(InheritanceState.java:266)
	at org.hibernate.cfg.InheritanceState.getElementsToProcess(InheritanceState.java:211)
	at org.hibernate.cfg.AnnotationBinder.bindClass(AnnotationBinder.java:781)
	at org.hibernate.boot.model.source.internal.annotations.AnnotationMetadataSourceProcessorImpl.processEntityHierarchies(AnnotationMetadataSourceProcessorImpl.java:254)
	at org.hibernate.boot.model.process.spi.MetadataBuildingProcess$1.processEntityHierarchies(MetadataBuildingProcess.java:230)
	at org.hibernate.boot.model.process.spi.MetadataBuildingProcess.complete(MetadataBuildingProcess.java:273)
	at org.hibernate.jpa.boot.internal.EntityManagerFactoryBuilderImpl.metadata(EntityManagerFactoryBuilderImpl.java:1214)
	at org.hibernate.jpa.boot.internal.EntityManagerFactoryBuilderImpl.build(EntityManagerFactoryBuilderImpl.java:1245)
	at org.springframework.orm.jpa.vendor.SpringHibernateJpaPersistenceProvider.createContainerEntityManagerFactory(SpringHibernateJpaPersistenceProvider.java:58)
	at org.springframework.orm.jpa.LocalContainerEntityManagerFactoryBean.createNativeEntityManagerFactory(LocalContainerEntityManagerFactoryBean.java:365)
	at org.springframework.orm.jpa.AbstractEntityManagerFactoryBean.buildNativeEntityManagerFactory(AbstractEntityManagerFactoryBean.java:391)
	at org.springframework.orm.jpa.AbstractEntityManagerFactoryBean.afterPropertiesSet(AbstractEntityManagerFactoryBean.java:378)
	at org.springframework.orm.jpa.LocalContainerEntityManagerFactoryBean.afterPropertiesSet(LocalContainerEntityManagerFactoryBean.java:341)
	at org.springframework.beans.factory.support.AbstractAutowireCapableBeanFactory.invokeInitMethods(AbstractAutowireCapableBeanFactory.java:1855)
	at org.springframework.beans.factory.support.AbstractAutowireCapableBeanFactory.initializeBean(AbstractAutowireCapableBeanFactory.java:1792)
	... 21 common frames omitted
[2020-05-21 03:37:20.024] [yourJOB] [restartedMain] [] [INFO] my.pro.job.YourJobApplication - No active profile set, falling back to default profiles: default
[2020-05-21 03:37:23.702] [yourJOB] [restartedMain] [] [INFO] o.s.d.r.c.RepositoryConfigurationDelegate - Multiple Spring Data modules found, entering strict repository configuration mode!
[2020-05-21 03:37:23.707] [yourJOB] [restartedMain] [] [INFO] o.s.d.r.c.RepositoryConfigurationDelegate - Bootstrapping Spring Data JPA repositories in DEFAULT mode.
[2020-05-21 03:37:23.888] [yourJOB] [restartedMain] [] [INFO] o.s.d.r.c.RepositoryConfigurationExtensionSupport - Spring Data JPA - Could not safely identify store assignment for repository candidate interface my.pro.job.util.aop.audit.AuditRepository. If you want this repository to be a JPA repository, consider annotating your entities with one of these annotations: javax.persistence.Entity, javax.persistence.MappedSuperclass (preferred), or consider extending one of the following types with your repository: org.springframework.data.jpa.repository.JpaRepository.
[2020-05-21 03:37:23.966] [yourJOB] [restartedMain] [] [INFO] o.s.d.r.c.RepositoryConfigurationDelegate - Finished Spring Data repository scanning in 234ms. Found 1 JPA repository interfaces.
[2020-05-21 03:37:23.984] [yourJOB] [restartedMain] [] [INFO] o.s.d.r.c.RepositoryConfigurationDelegate - Multiple Spring Data modules found, entering strict repository configuration mode!
[2020-05-21 03:37:23.985] [yourJOB] [restartedMain] [] [INFO] o.s.d.r.c.RepositoryConfigurationDelegate - Bootstrapping Spring Data LDAP repositories in DEFAULT mode.
[2020-05-21 03:37:24.033] [yourJOB] [restartedMain] [] [INFO] o.s.d.r.c.RepositoryConfigurationExtensionSupport - Spring Data LDAP - Could not safely identify store assignment for repository candidate interface my.pro.job.repository.AccountRepository. If you want this repository to be a LDAP repository, consider annotating your entities with one of these annotations: org.springframework.ldap.odm.annotations.Entry (preferred), or consider extending one of the following types with your repository: org.springframework.data.ldap.repository.LdapRepository.
[2020-05-21 03:37:24.038] [yourJOB] [restartedMain] [] [INFO] o.s.d.r.c.RepositoryConfigurationExtensionSupport - Spring Data LDAP - Could not safely identify store assignment for repository candidate interface my.pro.job.util.aop.audit.AuditRepository. If you want this repository to be a LDAP repository, consider annotating your entities with one of these annotations: org.springframework.ldap.odm.annotations.Entry (preferred), or consider extending one of the following types with your repository: org.springframework.data.ldap.repository.LdapRepository.
[2020-05-21 03:37:24.039] [yourJOB] [restartedMain] [] [INFO] o.s.d.r.c.RepositoryConfigurationDelegate - Finished Spring Data repository scanning in 52ms. Found 0 LDAP repository interfaces.
[2020-05-21 03:37:24.056] [yourJOB] [restartedMain] [] [INFO] o.s.d.r.c.RepositoryConfigurationDelegate - Multiple Spring Data modules found, entering strict repository configuration mode!
[2020-05-21 03:37:24.056] [yourJOB] [restartedMain] [] [INFO] o.s.d.r.c.RepositoryConfigurationDelegate - Bootstrapping Spring Data MongoDB repositories in DEFAULT mode.
[2020-05-21 03:37:24.108] [yourJOB] [restartedMain] [] [INFO] o.s.d.r.c.RepositoryConfigurationExtensionSupport - Spring Data MongoDB - Could not safely identify store assignment for repository candidate interface my.pro.job.repository.AccountRepository. If you want this repository to be a MongoDB repository, consider annotating your entities with one of these annotations: org.springframework.data.mongodb.core.mapping.Document (preferred), or consider extending one of the following types with your repository: org.springframework.data.mongodb.repository.MongoRepository.
[2020-05-21 03:37:24.142] [yourJOB] [restartedMain] [] [INFO] o.s.d.r.c.RepositoryConfigurationDelegate - Finished Spring Data repository scanning in 85ms. Found 1 MongoDB repository interfaces.
[2020-05-21 03:37:24.914] [yourJOB] [restartedMain] [] [INFO] o.s.cloud.context.scope.GenericScope - BeanFactory id=6fde3a16-2969-3a80-ba9e-718a4006336b
[2020-05-21 03:37:29.085] [yourJOB] [restartedMain] [] [INFO] o.s.b.w.e.tomcat.TomcatWebServer - Tomcat initialized with port(s): 8080 (http)
[2020-05-21 03:37:29.115] [yourJOB] [restartedMain] [] [INFO] o.a.coyote.http11.Http11NioProtocol - Initializing ProtocolHandler ["http-nio-8080"]
[2020-05-21 03:37:29.117] [yourJOB] [restartedMain] [] [INFO] o.a.catalina.core.StandardService - Starting service [Tomcat]
[2020-05-21 03:37:29.118] [yourJOB] [restartedMain] [] [INFO] o.a.catalina.core.StandardEngine - Starting Servlet engine: [Apache Tomcat/9.0.34]
[2020-05-21 03:37:29.439] [yourJOB] [restartedMain] [] [INFO] o.a.c.c.C.[Tomcat].[localhost].[/] - Initializing Spring embedded WebApplicationContext
[2020-05-21 03:37:29.440] [yourJOB] [restartedMain] [] [INFO] o.s.web.context.ContextLoader - Root WebApplicationContext: initialization completed in 9338 ms
[2020-05-21 03:37:29.882] [yourJOB] [restartedMain] [] [INFO] com.zaxxer.hikari.HikariDataSource - HikariPool-1 - Starting...
[2020-05-21 03:37:30.556] [yourJOB] [restartedMain] [] [INFO] com.zaxxer.hikari.HikariDataSource - HikariPool-1 - Start completed.
[2020-05-21 03:37:30.578] [yourJOB] [restartedMain] [] [INFO] o.s.b.a.h.H2ConsoleAutoConfiguration - H2 console available at '/h2-console'. Database available at 'jdbc:h2:mem:testdb'
[2020-05-21 03:37:30.961] [yourJOB] [restartedMain] [] [INFO] o.s.l.c.s.AbstractContextSource - Property 'userDn' not set - anonymous context will be used for read-write operations
[2020-05-21 03:37:33.211] [yourJOB] [restartedMain] [] [INFO] org.mongodb.driver.cluster - Cluster created with settings {hosts=[localhost:27017], mode=SINGLE, requiredClusterType=UNKNOWN, serverSelectionTimeout='30000 ms', maxWaitQueueSize=500}
[2020-05-21 03:37:33.423] [yourJOB] [cluster-ClusterId{value='5ec5f77d14024c4bfd152988', description='null'}-localhost:27017] [] [INFO] org.mongodb.driver.connection - Opened connection [connectionId{localValue:1, serverValue:1740}] to localhost:27017
[2020-05-21 03:37:33.440] [yourJOB] [cluster-ClusterId{value='5ec5f77d14024c4bfd152988', description='null'}-localhost:27017] [] [INFO] org.mongodb.driver.cluster - Monitor thread successfully connected to server with description ServerDescription{address=localhost:27017, type=STANDALONE, state=CONNECTED, ok=true, version=ServerVersion{versionList=[4, 2, 3]}, minWireVersion=0, maxWireVersion=8, maxDocumentSize=16777216, logicalSessionTimeoutMinutes=30, roundTripTimeNanos=10376200}
[2020-05-21 03:37:34.692] [yourJOB] [restartedMain] [] [INFO] o.h.jpa.internal.util.LogHelper - HHH000204: Processing PersistenceUnitInfo [name: default]
[2020-05-21 03:37:34.876] [yourJOB] [restartedMain] [] [INFO] org.hibernate.Version - HHH000412: Hibernate ORM core version 5.4.15.Final
[2020-05-21 03:37:35.322] [yourJOB] [restartedMain] [] [INFO] o.h.annotations.common.Version - HCANN000001: Hibernate Commons Annotations {5.1.0.Final}
[2020-05-21 03:37:35.751] [yourJOB] [restartedMain] [] [INFO] org.hibernate.dialect.Dialect - HHH000400: Using dialect: org.hibernate.dialect.H2Dialect
[2020-05-21 03:37:36.981] [yourJOB] [restartedMain] [] [WARN] o.s.b.w.s.c.AnnotationConfigServletWebServerApplicationContext - Exception encountered during context initialization - cancelling refresh attempt: org.springframework.beans.factory.BeanCreationException: Error creating bean with name 'entityManagerFactory' defined in class path resource [org/springframework/boot/autoconfigure/orm/jpa/HibernateJpaConfiguration.class]: Invocation of init method failed; nested exception is org.hibernate.AnnotationException: No identifier specified for entity: my.pro.job.entity.Language
[2020-05-21 03:37:37.222] [yourJOB] [restartedMain] [] [WARN] o.s.b.f.s.DisposableBeanAdapter - Invocation of destroy method failed on bean with name 'inMemoryDatabaseShutdownExecutor': org.h2.jdbc.JdbcSQLNonTransientConnectionException: La base de données est déjà fermée (pour désactiver la fermeture automatique à l'arrêt de la VM, ajoutez "; DB_CLOSE_ON_EXIT = FALSE" à l'URL db)
Database is already closed (to disable automatic closing at VM shutdown, add ";DB_CLOSE_ON_EXIT=FALSE" to the db URL) [90121-200]
[2020-05-21 03:37:37.248] [yourJOB] [restartedMain] [] [INFO] com.zaxxer.hikari.HikariDataSource - HikariPool-1 - Shutdown initiated...
[2020-05-21 03:37:37.264] [yourJOB] [restartedMain] [] [INFO] com.zaxxer.hikari.HikariDataSource - HikariPool-1 - Shutdown completed.
[2020-05-21 03:37:37.271] [yourJOB] [restartedMain] [] [INFO] o.a.catalina.core.StandardService - Stopping service [Tomcat]
[2020-05-21 03:37:37.318] [yourJOB] [restartedMain] [] [INFO] o.s.b.a.l.ConditionEvaluationReportLoggingListener - 

Error starting ApplicationContext. To display the conditions report re-run your application with 'debug' enabled.
[2020-05-21 03:37:37.339] [yourJOB] [restartedMain] [] [ERROR] o.s.boot.SpringApplication - Application run failed
org.springframework.beans.factory.BeanCreationException: Error creating bean with name 'entityManagerFactory' defined in class path resource [org/springframework/boot/autoconfigure/orm/jpa/HibernateJpaConfiguration.class]: Invocation of init method failed; nested exception is org.hibernate.AnnotationException: No identifier specified for entity: my.pro.job.entity.Language
	at org.springframework.beans.factory.support.AbstractAutowireCapableBeanFactory.initializeBean(AbstractAutowireCapableBeanFactory.java:1796)
	at org.springframework.beans.factory.support.AbstractAutowireCapableBeanFactory.doCreateBean(AbstractAutowireCapableBeanFactory.java:595)
	at org.springframework.beans.factory.support.AbstractAutowireCapableBeanFactory.createBean(AbstractAutowireCapableBeanFactory.java:517)
	at org.springframework.beans.factory.support.AbstractBeanFactory.lambda$doGetBean$0(AbstractBeanFactory.java:323)
	at org.springframework.beans.factory.support.DefaultSingletonBeanRegistry.getSingleton(DefaultSingletonBeanRegistry.java:226)
	at org.springframework.beans.factory.support.AbstractBeanFactory.doGetBean(AbstractBeanFactory.java:321)
	at org.springframework.beans.factory.support.AbstractBeanFactory.getBean(AbstractBeanFactory.java:202)
	at org.springframework.context.support.AbstractApplicationContext.getBean(AbstractApplicationContext.java:1108)
	at org.springframework.context.support.AbstractApplicationContext.finishBeanFactoryInitialization(AbstractApplicationContext.java:868)
	at org.springframework.context.support.AbstractApplicationContext.refresh(AbstractApplicationContext.java:550)
	at org.springframework.boot.web.servlet.context.ServletWebServerApplicationContext.refresh(ServletWebServerApplicationContext.java:141)
	at org.springframework.boot.SpringApplication.refresh(SpringApplication.java:747)
	at org.springframework.boot.SpringApplication.refreshContext(SpringApplication.java:397)
	at org.springframework.boot.SpringApplication.run(SpringApplication.java:315)
	at org.springframework.boot.SpringApplication.run(SpringApplication.java:1226)
	at org.springframework.boot.SpringApplication.run(SpringApplication.java:1215)
	at my.pro.job.YourJobApplication.main(YourJobApplication.java:13)
	at sun.reflect.NativeMethodAccessorImpl.invoke0(Native Method)
	at sun.reflect.NativeMethodAccessorImpl.invoke(NativeMethodAccessorImpl.java:62)
	at sun.reflect.DelegatingMethodAccessorImpl.invoke(DelegatingMethodAccessorImpl.java:43)
	at java.lang.reflect.Method.invoke(Method.java:498)
	at org.springframework.boot.devtools.restart.RestartLauncher.run(RestartLauncher.java:49)
Caused by: org.hibernate.AnnotationException: No identifier specified for entity: my.pro.job.entity.Language
	at org.hibernate.cfg.InheritanceState.determineDefaultAccessType(InheritanceState.java:266)
	at org.hibernate.cfg.InheritanceState.getElementsToProcess(InheritanceState.java:211)
	at org.hibernate.cfg.AnnotationBinder.bindClass(AnnotationBinder.java:781)
	at org.hibernate.boot.model.source.internal.annotations.AnnotationMetadataSourceProcessorImpl.processEntityHierarchies(AnnotationMetadataSourceProcessorImpl.java:254)
	at org.hibernate.boot.model.process.spi.MetadataBuildingProcess$1.processEntityHierarchies(MetadataBuildingProcess.java:230)
	at org.hibernate.boot.model.process.spi.MetadataBuildingProcess.complete(MetadataBuildingProcess.java:273)
	at org.hibernate.jpa.boot.internal.EntityManagerFactoryBuilderImpl.metadata(EntityManagerFactoryBuilderImpl.java:1214)
	at org.hibernate.jpa.boot.internal.EntityManagerFactoryBuilderImpl.build(EntityManagerFactoryBuilderImpl.java:1245)
	at org.springframework.orm.jpa.vendor.SpringHibernateJpaPersistenceProvider.createContainerEntityManagerFactory(SpringHibernateJpaPersistenceProvider.java:58)
	at org.springframework.orm.jpa.LocalContainerEntityManagerFactoryBean.createNativeEntityManagerFactory(LocalContainerEntityManagerFactoryBean.java:365)
	at org.springframework.orm.jpa.AbstractEntityManagerFactoryBean.buildNativeEntityManagerFactory(AbstractEntityManagerFactoryBean.java:391)
	at org.springframework.orm.jpa.AbstractEntityManagerFactoryBean.afterPropertiesSet(AbstractEntityManagerFactoryBean.java:378)
	at org.springframework.orm.jpa.LocalContainerEntityManagerFactoryBean.afterPropertiesSet(LocalContainerEntityManagerFactoryBean.java:341)
	at org.springframework.beans.factory.support.AbstractAutowireCapableBeanFactory.invokeInitMethods(AbstractAutowireCapableBeanFactory.java:1855)
	at org.springframework.beans.factory.support.AbstractAutowireCapableBeanFactory.initializeBean(AbstractAutowireCapableBeanFactory.java:1792)
	... 21 common frames omitted
[2020-05-21 03:41:29.562] [yourJOB] [restartedMain] [] [INFO] my.pro.job.YourJobApplication - No active profile set, falling back to default profiles: default
[2020-05-21 03:41:32.047] [yourJOB] [restartedMain] [] [INFO] o.s.d.r.c.RepositoryConfigurationDelegate - Multiple Spring Data modules found, entering strict repository configuration mode!
[2020-05-21 03:41:32.052] [yourJOB] [restartedMain] [] [INFO] o.s.d.r.c.RepositoryConfigurationDelegate - Bootstrapping Spring Data JPA repositories in DEFAULT mode.
[2020-05-21 03:41:32.229] [yourJOB] [restartedMain] [] [INFO] o.s.d.r.c.RepositoryConfigurationExtensionSupport - Spring Data JPA - Could not safely identify store assignment for repository candidate interface my.pro.job.util.aop.audit.AuditRepository. If you want this repository to be a JPA repository, consider annotating your entities with one of these annotations: javax.persistence.Entity, javax.persistence.MappedSuperclass (preferred), or consider extending one of the following types with your repository: org.springframework.data.jpa.repository.JpaRepository.
[2020-05-21 03:41:32.295] [yourJOB] [restartedMain] [] [INFO] o.s.d.r.c.RepositoryConfigurationDelegate - Finished Spring Data repository scanning in 218ms. Found 1 JPA repository interfaces.
[2020-05-21 03:41:32.315] [yourJOB] [restartedMain] [] [INFO] o.s.d.r.c.RepositoryConfigurationDelegate - Multiple Spring Data modules found, entering strict repository configuration mode!
[2020-05-21 03:41:32.317] [yourJOB] [restartedMain] [] [INFO] o.s.d.r.c.RepositoryConfigurationDelegate - Bootstrapping Spring Data LDAP repositories in DEFAULT mode.
[2020-05-21 03:41:32.371] [yourJOB] [restartedMain] [] [INFO] o.s.d.r.c.RepositoryConfigurationExtensionSupport - Spring Data LDAP - Could not safely identify store assignment for repository candidate interface my.pro.job.repository.AccountRepository. If you want this repository to be a LDAP repository, consider annotating your entities with one of these annotations: org.springframework.ldap.odm.annotations.Entry (preferred), or consider extending one of the following types with your repository: org.springframework.data.ldap.repository.LdapRepository.
[2020-05-21 03:41:32.374] [yourJOB] [restartedMain] [] [INFO] o.s.d.r.c.RepositoryConfigurationExtensionSupport - Spring Data LDAP - Could not safely identify store assignment for repository candidate interface my.pro.job.util.aop.audit.AuditRepository. If you want this repository to be a LDAP repository, consider annotating your entities with one of these annotations: org.springframework.ldap.odm.annotations.Entry (preferred), or consider extending one of the following types with your repository: org.springframework.data.ldap.repository.LdapRepository.
[2020-05-21 03:41:32.375] [yourJOB] [restartedMain] [] [INFO] o.s.d.r.c.RepositoryConfigurationDelegate - Finished Spring Data repository scanning in 55ms. Found 0 LDAP repository interfaces.
[2020-05-21 03:41:32.393] [yourJOB] [restartedMain] [] [INFO] o.s.d.r.c.RepositoryConfigurationDelegate - Multiple Spring Data modules found, entering strict repository configuration mode!
[2020-05-21 03:41:32.394] [yourJOB] [restartedMain] [] [INFO] o.s.d.r.c.RepositoryConfigurationDelegate - Bootstrapping Spring Data MongoDB repositories in DEFAULT mode.
[2020-05-21 03:41:32.440] [yourJOB] [restartedMain] [] [INFO] o.s.d.r.c.RepositoryConfigurationExtensionSupport - Spring Data MongoDB - Could not safely identify store assignment for repository candidate interface my.pro.job.repository.AccountRepository. If you want this repository to be a MongoDB repository, consider annotating your entities with one of these annotations: org.springframework.data.mongodb.core.mapping.Document (preferred), or consider extending one of the following types with your repository: org.springframework.data.mongodb.repository.MongoRepository.
[2020-05-21 03:41:32.472] [yourJOB] [restartedMain] [] [INFO] o.s.d.r.c.RepositoryConfigurationDelegate - Finished Spring Data repository scanning in 76ms. Found 1 MongoDB repository interfaces.
[2020-05-21 03:41:33.105] [yourJOB] [restartedMain] [] [INFO] o.s.cloud.context.scope.GenericScope - BeanFactory id=6fde3a16-2969-3a80-ba9e-718a4006336b
[2020-05-21 03:41:37.766] [yourJOB] [restartedMain] [] [INFO] o.s.b.w.e.tomcat.TomcatWebServer - Tomcat initialized with port(s): 8080 (http)
[2020-05-21 03:41:37.796] [yourJOB] [restartedMain] [] [INFO] o.a.coyote.http11.Http11NioProtocol - Initializing ProtocolHandler ["http-nio-8080"]
[2020-05-21 03:41:37.797] [yourJOB] [restartedMain] [] [INFO] o.a.catalina.core.StandardService - Starting service [Tomcat]
[2020-05-21 03:41:37.798] [yourJOB] [restartedMain] [] [INFO] o.a.catalina.core.StandardEngine - Starting Servlet engine: [Apache Tomcat/9.0.34]
[2020-05-21 03:41:38.237] [yourJOB] [restartedMain] [] [INFO] o.a.c.c.C.[Tomcat].[localhost].[/] - Initializing Spring embedded WebApplicationContext
[2020-05-21 03:41:38.238] [yourJOB] [restartedMain] [] [INFO] o.s.web.context.ContextLoader - Root WebApplicationContext: initialization completed in 8650 ms
[2020-05-21 03:41:38.701] [yourJOB] [restartedMain] [] [INFO] com.zaxxer.hikari.HikariDataSource - HikariPool-1 - Starting...
[2020-05-21 03:41:39.332] [yourJOB] [restartedMain] [] [INFO] com.zaxxer.hikari.HikariDataSource - HikariPool-1 - Start completed.
[2020-05-21 03:41:39.358] [yourJOB] [restartedMain] [] [INFO] o.s.b.a.h.H2ConsoleAutoConfiguration - H2 console available at '/h2-console'. Database available at 'jdbc:h2:mem:testdb'
[2020-05-21 03:41:39.698] [yourJOB] [restartedMain] [] [INFO] o.s.l.c.s.AbstractContextSource - Property 'userDn' not set - anonymous context will be used for read-write operations
[2020-05-21 03:41:41.672] [yourJOB] [restartedMain] [] [INFO] org.mongodb.driver.cluster - Cluster created with settings {hosts=[localhost:27017], mode=SINGLE, requiredClusterType=UNKNOWN, serverSelectionTimeout='30000 ms', maxWaitQueueSize=500}
[2020-05-21 03:41:41.852] [yourJOB] [cluster-ClusterId{value='5ec5f87514c7cd62b79fea77', description='null'}-localhost:27017] [] [INFO] org.mongodb.driver.connection - Opened connection [connectionId{localValue:1, serverValue:1741}] to localhost:27017
[2020-05-21 03:41:41.867] [yourJOB] [cluster-ClusterId{value='5ec5f87514c7cd62b79fea77', description='null'}-localhost:27017] [] [INFO] org.mongodb.driver.cluster - Monitor thread successfully connected to server with description ServerDescription{address=localhost:27017, type=STANDALONE, state=CONNECTED, ok=true, version=ServerVersion{versionList=[4, 2, 3]}, minWireVersion=0, maxWireVersion=8, maxDocumentSize=16777216, logicalSessionTimeoutMinutes=30, roundTripTimeNanos=8139200}
[2020-05-21 03:41:43.348] [yourJOB] [restartedMain] [] [INFO] o.h.jpa.internal.util.LogHelper - HHH000204: Processing PersistenceUnitInfo [name: default]
[2020-05-21 03:41:43.565] [yourJOB] [restartedMain] [] [INFO] org.hibernate.Version - HHH000412: Hibernate ORM core version 5.4.15.Final
[2020-05-21 03:41:44.085] [yourJOB] [restartedMain] [] [INFO] o.h.annotations.common.Version - HCANN000001: Hibernate Commons Annotations {5.1.0.Final}
[2020-05-21 03:41:44.529] [yourJOB] [restartedMain] [] [INFO] org.hibernate.dialect.Dialect - HHH000400: Using dialect: org.hibernate.dialect.H2Dialect
[2020-05-21 03:41:45.579] [yourJOB] [restartedMain] [] [WARN] o.s.b.w.s.c.AnnotationConfigServletWebServerApplicationContext - Exception encountered during context initialization - cancelling refresh attempt: org.springframework.beans.factory.BeanCreationException: Error creating bean with name 'entityManagerFactory' defined in class path resource [org/springframework/boot/autoconfigure/orm/jpa/HibernateJpaConfiguration.class]: Invocation of init method failed; nested exception is org.hibernate.AnnotationException: No identifier specified for entity: my.pro.job.entity.Language
[2020-05-21 03:41:45.816] [yourJOB] [restartedMain] [] [WARN] o.s.b.f.s.DisposableBeanAdapter - Invocation of destroy method failed on bean with name 'inMemoryDatabaseShutdownExecutor': org.h2.jdbc.JdbcSQLNonTransientConnectionException: La base de données est déjà fermée (pour désactiver la fermeture automatique à l'arrêt de la VM, ajoutez "; DB_CLOSE_ON_EXIT = FALSE" à l'URL db)
Database is already closed (to disable automatic closing at VM shutdown, add ";DB_CLOSE_ON_EXIT=FALSE" to the db URL) [90121-200]
[2020-05-21 03:41:45.832] [yourJOB] [restartedMain] [] [INFO] com.zaxxer.hikari.HikariDataSource - HikariPool-1 - Shutdown initiated...
[2020-05-21 03:41:45.839] [yourJOB] [restartedMain] [] [INFO] com.zaxxer.hikari.HikariDataSource - HikariPool-1 - Shutdown completed.
[2020-05-21 03:41:45.845] [yourJOB] [restartedMain] [] [INFO] o.a.catalina.core.StandardService - Stopping service [Tomcat]
[2020-05-21 03:41:45.901] [yourJOB] [restartedMain] [] [INFO] o.s.b.a.l.ConditionEvaluationReportLoggingListener - 

Error starting ApplicationContext. To display the conditions report re-run your application with 'debug' enabled.
[2020-05-21 03:41:45.913] [yourJOB] [restartedMain] [] [ERROR] o.s.boot.SpringApplication - Application run failed
org.springframework.beans.factory.BeanCreationException: Error creating bean with name 'entityManagerFactory' defined in class path resource [org/springframework/boot/autoconfigure/orm/jpa/HibernateJpaConfiguration.class]: Invocation of init method failed; nested exception is org.hibernate.AnnotationException: No identifier specified for entity: my.pro.job.entity.Language
	at org.springframework.beans.factory.support.AbstractAutowireCapableBeanFactory.initializeBean(AbstractAutowireCapableBeanFactory.java:1796)
	at org.springframework.beans.factory.support.AbstractAutowireCapableBeanFactory.doCreateBean(AbstractAutowireCapableBeanFactory.java:595)
	at org.springframework.beans.factory.support.AbstractAutowireCapableBeanFactory.createBean(AbstractAutowireCapableBeanFactory.java:517)
	at org.springframework.beans.factory.support.AbstractBeanFactory.lambda$doGetBean$0(AbstractBeanFactory.java:323)
	at org.springframework.beans.factory.support.DefaultSingletonBeanRegistry.getSingleton(DefaultSingletonBeanRegistry.java:226)
	at org.springframework.beans.factory.support.AbstractBeanFactory.doGetBean(AbstractBeanFactory.java:321)
	at org.springframework.beans.factory.support.AbstractBeanFactory.getBean(AbstractBeanFactory.java:202)
	at org.springframework.context.support.AbstractApplicationContext.getBean(AbstractApplicationContext.java:1108)
	at org.springframework.context.support.AbstractApplicationContext.finishBeanFactoryInitialization(AbstractApplicationContext.java:868)
	at org.springframework.context.support.AbstractApplicationContext.refresh(AbstractApplicationContext.java:550)
	at org.springframework.boot.web.servlet.context.ServletWebServerApplicationContext.refresh(ServletWebServerApplicationContext.java:141)
	at org.springframework.boot.SpringApplication.refresh(SpringApplication.java:747)
	at org.springframework.boot.SpringApplication.refreshContext(SpringApplication.java:397)
	at org.springframework.boot.SpringApplication.run(SpringApplication.java:315)
	at org.springframework.boot.SpringApplication.run(SpringApplication.java:1226)
	at org.springframework.boot.SpringApplication.run(SpringApplication.java:1215)
	at my.pro.job.YourJobApplication.main(YourJobApplication.java:13)
	at sun.reflect.NativeMethodAccessorImpl.invoke0(Native Method)
	at sun.reflect.NativeMethodAccessorImpl.invoke(NativeMethodAccessorImpl.java:62)
	at sun.reflect.DelegatingMethodAccessorImpl.invoke(DelegatingMethodAccessorImpl.java:43)
	at java.lang.reflect.Method.invoke(Method.java:498)
	at org.springframework.boot.devtools.restart.RestartLauncher.run(RestartLauncher.java:49)
Caused by: org.hibernate.AnnotationException: No identifier specified for entity: my.pro.job.entity.Language
	at org.hibernate.cfg.InheritanceState.determineDefaultAccessType(InheritanceState.java:266)
	at org.hibernate.cfg.InheritanceState.getElementsToProcess(InheritanceState.java:211)
	at org.hibernate.cfg.AnnotationBinder.bindClass(AnnotationBinder.java:781)
	at org.hibernate.boot.model.source.internal.annotations.AnnotationMetadataSourceProcessorImpl.processEntityHierarchies(AnnotationMetadataSourceProcessorImpl.java:254)
	at org.hibernate.boot.model.process.spi.MetadataBuildingProcess$1.processEntityHierarchies(MetadataBuildingProcess.java:230)
	at org.hibernate.boot.model.process.spi.MetadataBuildingProcess.complete(MetadataBuildingProcess.java:273)
	at org.hibernate.jpa.boot.internal.EntityManagerFactoryBuilderImpl.metadata(EntityManagerFactoryBuilderImpl.java:1214)
	at org.hibernate.jpa.boot.internal.EntityManagerFactoryBuilderImpl.build(EntityManagerFactoryBuilderImpl.java:1245)
	at org.springframework.orm.jpa.vendor.SpringHibernateJpaPersistenceProvider.createContainerEntityManagerFactory(SpringHibernateJpaPersistenceProvider.java:58)
	at org.springframework.orm.jpa.LocalContainerEntityManagerFactoryBean.createNativeEntityManagerFactory(LocalContainerEntityManagerFactoryBean.java:365)
	at org.springframework.orm.jpa.AbstractEntityManagerFactoryBean.buildNativeEntityManagerFactory(AbstractEntityManagerFactoryBean.java:391)
	at org.springframework.orm.jpa.AbstractEntityManagerFactoryBean.afterPropertiesSet(AbstractEntityManagerFactoryBean.java:378)
	at org.springframework.orm.jpa.LocalContainerEntityManagerFactoryBean.afterPropertiesSet(LocalContainerEntityManagerFactoryBean.java:341)
	at org.springframework.beans.factory.support.AbstractAutowireCapableBeanFactory.invokeInitMethods(AbstractAutowireCapableBeanFactory.java:1855)
	at org.springframework.beans.factory.support.AbstractAutowireCapableBeanFactory.initializeBean(AbstractAutowireCapableBeanFactory.java:1792)
	... 21 common frames omitted
[2020-05-21 03:42:21.757] [yourJOB] [restartedMain] [] [INFO] my.pro.job.YourJobApplication - No active profile set, falling back to default profiles: default
[2020-05-21 03:42:23.918] [yourJOB] [restartedMain] [] [INFO] o.s.d.r.c.RepositoryConfigurationDelegate - Multiple Spring Data modules found, entering strict repository configuration mode!
[2020-05-21 03:42:23.921] [yourJOB] [restartedMain] [] [INFO] o.s.d.r.c.RepositoryConfigurationDelegate - Bootstrapping Spring Data JPA repositories in DEFAULT mode.
[2020-05-21 03:42:24.035] [yourJOB] [restartedMain] [] [INFO] o.s.d.r.c.RepositoryConfigurationExtensionSupport - Spring Data JPA - Could not safely identify store assignment for repository candidate interface my.pro.job.util.aop.audit.AuditRepository. If you want this repository to be a JPA repository, consider annotating your entities with one of these annotations: javax.persistence.Entity, javax.persistence.MappedSuperclass (preferred), or consider extending one of the following types with your repository: org.springframework.data.jpa.repository.JpaRepository.
[2020-05-21 03:42:24.083] [yourJOB] [restartedMain] [] [INFO] o.s.d.r.c.RepositoryConfigurationDelegate - Finished Spring Data repository scanning in 147ms. Found 1 JPA repository interfaces.
[2020-05-21 03:42:24.098] [yourJOB] [restartedMain] [] [INFO] o.s.d.r.c.RepositoryConfigurationDelegate - Multiple Spring Data modules found, entering strict repository configuration mode!
[2020-05-21 03:42:24.100] [yourJOB] [restartedMain] [] [INFO] o.s.d.r.c.RepositoryConfigurationDelegate - Bootstrapping Spring Data LDAP repositories in DEFAULT mode.
[2020-05-21 03:42:24.135] [yourJOB] [restartedMain] [] [INFO] o.s.d.r.c.RepositoryConfigurationExtensionSupport - Spring Data LDAP - Could not safely identify store assignment for repository candidate interface my.pro.job.repository.AccountRepository. If you want this repository to be a LDAP repository, consider annotating your entities with one of these annotations: org.springframework.ldap.odm.annotations.Entry (preferred), or consider extending one of the following types with your repository: org.springframework.data.ldap.repository.LdapRepository.
[2020-05-21 03:42:24.137] [yourJOB] [restartedMain] [] [INFO] o.s.d.r.c.RepositoryConfigurationExtensionSupport - Spring Data LDAP - Could not safely identify store assignment for repository candidate interface my.pro.job.util.aop.audit.AuditRepository. If you want this repository to be a LDAP repository, consider annotating your entities with one of these annotations: org.springframework.ldap.odm.annotations.Entry (preferred), or consider extending one of the following types with your repository: org.springframework.data.ldap.repository.LdapRepository.
[2020-05-21 03:42:24.137] [yourJOB] [restartedMain] [] [INFO] o.s.d.r.c.RepositoryConfigurationDelegate - Finished Spring Data repository scanning in 36ms. Found 0 LDAP repository interfaces.
[2020-05-21 03:42:24.149] [yourJOB] [restartedMain] [] [INFO] o.s.d.r.c.RepositoryConfigurationDelegate - Multiple Spring Data modules found, entering strict repository configuration mode!
[2020-05-21 03:42:24.150] [yourJOB] [restartedMain] [] [INFO] o.s.d.r.c.RepositoryConfigurationDelegate - Bootstrapping Spring Data MongoDB repositories in DEFAULT mode.
[2020-05-21 03:42:24.184] [yourJOB] [restartedMain] [] [INFO] o.s.d.r.c.RepositoryConfigurationExtensionSupport - Spring Data MongoDB - Could not safely identify store assignment for repository candidate interface my.pro.job.repository.AccountRepository. If you want this repository to be a MongoDB repository, consider annotating your entities with one of these annotations: org.springframework.data.mongodb.core.mapping.Document (preferred), or consider extending one of the following types with your repository: org.springframework.data.mongodb.repository.MongoRepository.
[2020-05-21 03:42:24.202] [yourJOB] [restartedMain] [] [INFO] o.s.d.r.c.RepositoryConfigurationDelegate - Finished Spring Data repository scanning in 51ms. Found 1 MongoDB repository interfaces.
[2020-05-21 03:42:24.671] [yourJOB] [restartedMain] [] [INFO] o.s.cloud.context.scope.GenericScope - BeanFactory id=6fde3a16-2969-3a80-ba9e-718a4006336b
[2020-05-21 03:42:27.459] [yourJOB] [restartedMain] [] [INFO] o.s.b.w.e.tomcat.TomcatWebServer - Tomcat initialized with port(s): 8080 (http)
[2020-05-21 03:42:27.482] [yourJOB] [restartedMain] [] [INFO] o.a.coyote.http11.Http11NioProtocol - Initializing ProtocolHandler ["http-nio-8080"]
[2020-05-21 03:42:27.483] [yourJOB] [restartedMain] [] [INFO] o.a.catalina.core.StandardService - Starting service [Tomcat]
[2020-05-21 03:42:27.484] [yourJOB] [restartedMain] [] [INFO] o.a.catalina.core.StandardEngine - Starting Servlet engine: [Apache Tomcat/9.0.34]
[2020-05-21 03:42:27.759] [yourJOB] [restartedMain] [] [INFO] o.a.c.c.C.[Tomcat].[localhost].[/] - Initializing Spring embedded WebApplicationContext
[2020-05-21 03:42:27.760] [yourJOB] [restartedMain] [] [INFO] o.s.web.context.ContextLoader - Root WebApplicationContext: initialization completed in 5965 ms
[2020-05-21 03:42:28.132] [yourJOB] [restartedMain] [] [INFO] com.zaxxer.hikari.HikariDataSource - HikariPool-1 - Starting...
[2020-05-21 03:42:28.536] [yourJOB] [restartedMain] [] [INFO] com.zaxxer.hikari.HikariDataSource - HikariPool-1 - Start completed.
[2020-05-21 03:42:28.550] [yourJOB] [restartedMain] [] [INFO] o.s.b.a.h.H2ConsoleAutoConfiguration - H2 console available at '/h2-console'. Database available at 'jdbc:h2:mem:testdb'
[2020-05-21 03:42:28.770] [yourJOB] [restartedMain] [] [INFO] o.s.l.c.s.AbstractContextSource - Property 'userDn' not set - anonymous context will be used for read-write operations
[2020-05-21 03:42:30.110] [yourJOB] [restartedMain] [] [INFO] org.mongodb.driver.cluster - Cluster created with settings {hosts=[localhost:27017], mode=SINGLE, requiredClusterType=UNKNOWN, serverSelectionTimeout='30000 ms', maxWaitQueueSize=500}
[2020-05-21 03:42:30.226] [yourJOB] [cluster-ClusterId{value='5ec5f8a610f6203ab6229771', description='null'}-localhost:27017] [] [INFO] org.mongodb.driver.connection - Opened connection [connectionId{localValue:1, serverValue:1742}] to localhost:27017
[2020-05-21 03:42:30.240] [yourJOB] [cluster-ClusterId{value='5ec5f8a610f6203ab6229771', description='null'}-localhost:27017] [] [INFO] org.mongodb.driver.cluster - Monitor thread successfully connected to server with description ServerDescription{address=localhost:27017, type=STANDALONE, state=CONNECTED, ok=true, version=ServerVersion{versionList=[4, 2, 3]}, minWireVersion=0, maxWireVersion=8, maxDocumentSize=16777216, logicalSessionTimeoutMinutes=30, roundTripTimeNanos=7644000}
[2020-05-21 03:42:31.093] [yourJOB] [restartedMain] [] [INFO] o.h.jpa.internal.util.LogHelper - HHH000204: Processing PersistenceUnitInfo [name: default]
[2020-05-21 03:42:31.215] [yourJOB] [restartedMain] [] [INFO] org.hibernate.Version - HHH000412: Hibernate ORM core version 5.4.15.Final
[2020-05-21 03:42:31.531] [yourJOB] [restartedMain] [] [INFO] o.h.annotations.common.Version - HCANN000001: Hibernate Commons Annotations {5.1.0.Final}
[2020-05-21 03:42:31.830] [yourJOB] [restartedMain] [] [INFO] org.hibernate.dialect.Dialect - HHH000400: Using dialect: org.hibernate.dialect.H2Dialect
[2020-05-21 03:42:35.037] [yourJOB] [restartedMain] [] [INFO] o.h.e.t.j.p.i.JtaPlatformInitiator - HHH000490: Using JtaPlatform implementation: [org.hibernate.engine.transaction.jta.platform.internal.NoJtaPlatform]
[2020-05-21 03:42:35.057] [yourJOB] [restartedMain] [] [INFO] o.s.o.j.LocalContainerEntityManagerFactoryBean - Initialized JPA EntityManagerFactory for persistence unit 'default'
[2020-05-21 03:42:35.116] [yourJOB] [restartedMain] [] [INFO] o.s.b.d.a.OptionalLiveReloadServer - LiveReload server is running on port 35729
[2020-05-21 03:42:35.576] [yourJOB] [restartedMain] [] [WARN] o.s.b.a.o.j.JpaBaseConfiguration$JpaWebConfiguration - spring.jpa.open-in-view is enabled by default. Therefore, database queries may be performed during view rendering. Explicitly configure spring.jpa.open-in-view to disable this warning
[2020-05-21 03:42:36.445] [yourJOB] [restartedMain] [] [INFO] o.s.s.c.ThreadPoolTaskExecutor - Initializing ExecutorService 'applicationTaskExecutor'
[2020-05-21 03:42:39.174] [yourJOB] [restartedMain] [] [INFO] o.s.b.a.e.web.EndpointLinksResolver - Exposing 2 endpoint(s) beneath base path '/actuator'
[2020-05-21 03:42:39.324] [yourJOB] [restartedMain] [] [INFO] o.a.coyote.http11.Http11NioProtocol - Starting ProtocolHandler ["http-nio-8080"]
[2020-05-21 03:42:39.368] [yourJOB] [restartedMain] [] [INFO] o.a.coyote.http11.Http11NioProtocol - Pausing ProtocolHandler ["http-nio-8080"]
[2020-05-21 03:42:39.369] [yourJOB] [restartedMain] [] [INFO] o.a.catalina.core.StandardService - Stopping service [Tomcat]
[2020-05-21 03:42:39.380] [yourJOB] [restartedMain] [] [WARN] o.a.c.loader.WebappClassLoaderBase - The web application [ROOT] appears to have started a thread named [HikariPool-1 housekeeper] but has failed to stop it. This is very likely to create a memory leak. Stack trace of thread:
 sun.misc.Unsafe.park(Native Method)
 java.util.concurrent.locks.LockSupport.parkNanos(LockSupport.java:215)
 java.util.concurrent.locks.AbstractQueuedSynchronizer$ConditionObject.awaitNanos(AbstractQueuedSynchronizer.java:2078)
 java.util.concurrent.ScheduledThreadPoolExecutor$DelayedWorkQueue.take(ScheduledThreadPoolExecutor.java:1093)
 java.util.concurrent.ScheduledThreadPoolExecutor$DelayedWorkQueue.take(ScheduledThreadPoolExecutor.java:809)
 java.util.concurrent.ThreadPoolExecutor.getTask(ThreadPoolExecutor.java:1074)
 java.util.concurrent.ThreadPoolExecutor.runWorker(ThreadPoolExecutor.java:1134)
 java.util.concurrent.ThreadPoolExecutor$Worker.run(ThreadPoolExecutor.java:624)
 java.lang.Thread.run(Thread.java:748)
[2020-05-21 03:42:39.381] [yourJOB] [restartedMain] [] [WARN] o.a.c.loader.WebappClassLoaderBase - The web application [ROOT] appears to have started a thread named [cluster-ClusterId{value='5ec5f8a610f6203ab6229771', description='null'}-localhost:27017] but has failed to stop it. This is very likely to create a memory leak. Stack trace of thread:
 sun.misc.Unsafe.park(Native Method)
 java.util.concurrent.locks.LockSupport.parkNanos(LockSupport.java:215)
 java.util.concurrent.locks.AbstractQueuedSynchronizer$ConditionObject.awaitNanos(AbstractQueuedSynchronizer.java:2078)
 com.mongodb.internal.connection.DefaultServerMonitor$ServerMonitorRunnable.waitForSignalOrTimeout(DefaultServerMonitor.java:229)
 com.mongodb.internal.connection.DefaultServerMonitor$ServerMonitorRunnable.waitForNext(DefaultServerMonitor.java:210)
 com.mongodb.internal.connection.DefaultServerMonitor$ServerMonitorRunnable.run(DefaultServerMonitor.java:157)
 java.lang.Thread.run(Thread.java:748)
[2020-05-21 03:42:39.383] [yourJOB] [restartedMain] [] [WARN] o.a.c.loader.WebappClassLoaderBase - The web application [ROOT] appears to have started a thread named [CleanCursors-1-thread-1] but has failed to stop it. This is very likely to create a memory leak. Stack trace of thread:
 sun.misc.Unsafe.park(Native Method)
 java.util.concurrent.locks.LockSupport.parkNanos(LockSupport.java:215)
 java.util.concurrent.locks.AbstractQueuedSynchronizer$ConditionObject.awaitNanos(AbstractQueuedSynchronizer.java:2078)
 java.util.concurrent.ScheduledThreadPoolExecutor$DelayedWorkQueue.take(ScheduledThreadPoolExecutor.java:1093)
 java.util.concurrent.ScheduledThreadPoolExecutor$DelayedWorkQueue.take(ScheduledThreadPoolExecutor.java:809)
 java.util.concurrent.ThreadPoolExecutor.getTask(ThreadPoolExecutor.java:1074)
 java.util.concurrent.ThreadPoolExecutor.runWorker(ThreadPoolExecutor.java:1134)
 java.util.concurrent.ThreadPoolExecutor$Worker.run(ThreadPoolExecutor.java:624)
 java.lang.Thread.run(Thread.java:748)
[2020-05-21 03:42:39.387] [yourJOB] [restartedMain] [] [INFO] o.a.coyote.http11.Http11NioProtocol - Stopping ProtocolHandler ["http-nio-8080"]
[2020-05-21 03:42:39.388] [yourJOB] [restartedMain] [] [INFO] o.a.coyote.http11.Http11NioProtocol - Destroying ProtocolHandler ["http-nio-8080"]
[2020-05-21 03:42:39.394] [yourJOB] [restartedMain] [] [INFO] o.s.b.a.l.ConditionEvaluationReportLoggingListener - 

Error starting ApplicationContext. To display the conditions report re-run your application with 'debug' enabled.
[2020-05-21 03:42:39.399] [yourJOB] [restartedMain] [] [WARN] o.s.b.f.s.DisposableBeanAdapter - Invocation of destroy method failed on bean with name 'tomcatMetricsBinder': java.lang.NullPointerException
[2020-05-21 03:42:39.400] [yourJOB] [restartedMain] [] [INFO] o.s.s.c.ThreadPoolTaskExecutor - Shutting down ExecutorService 'applicationTaskExecutor'
[2020-05-21 03:42:39.402] [yourJOB] [restartedMain] [] [INFO] o.s.o.j.LocalContainerEntityManagerFactoryBean - Closing JPA EntityManagerFactory for persistence unit 'default'
[2020-05-21 03:42:39.403] [yourJOB] [restartedMain] [] [INFO] o.h.t.s.i.SchemaDropperImpl$DelayedDropActionImpl - HHH000477: Starting delayed evictData of schema as part of SessionFactory shut-down'
[2020-05-21 03:42:39.693] [yourJOB] [restartedMain] [] [WARN] o.s.b.f.s.DisposableBeanAdapter - Invocation of destroy method failed on bean with name 'inMemoryDatabaseShutdownExecutor': org.h2.jdbc.JdbcSQLNonTransientConnectionException: La base de données est déjà fermée (pour désactiver la fermeture automatique à l'arrêt de la VM, ajoutez "; DB_CLOSE_ON_EXIT = FALSE" à l'URL db)
Database is already closed (to disable automatic closing at VM shutdown, add ";DB_CLOSE_ON_EXIT=FALSE" to the db URL) [90121-200]
[2020-05-21 03:42:39.698] [yourJOB] [restartedMain] [] [INFO] com.zaxxer.hikari.HikariDataSource - HikariPool-1 - Shutdown initiated...
[2020-05-21 03:42:39.704] [yourJOB] [restartedMain] [] [INFO] com.zaxxer.hikari.HikariDataSource - HikariPool-1 - Shutdown completed.
[2020-05-21 03:42:39.712] [yourJOB] [restartedMain] [] [ERROR] o.s.b.d.LoggingFailureAnalysisReporter - 

***************************
APPLICATION FAILED TO START
***************************

Description:

Web server failed to start. Port 8080 was already in use.

Action:

Identify and stop the process that's listening on port 8080 or configure this application to listen on another port.

[2020-05-21 03:43:34.776] [yourJOB] [restartedMain] [] [INFO] my.pro.job.YourJobApplication - No active profile set, falling back to default profiles: default
[2020-05-21 03:43:37.650] [yourJOB] [restartedMain] [] [INFO] o.s.d.r.c.RepositoryConfigurationDelegate - Multiple Spring Data modules found, entering strict repository configuration mode!
[2020-05-21 03:43:37.654] [yourJOB] [restartedMain] [] [INFO] o.s.d.r.c.RepositoryConfigurationDelegate - Bootstrapping Spring Data JPA repositories in DEFAULT mode.
[2020-05-21 03:43:37.827] [yourJOB] [restartedMain] [] [INFO] o.s.d.r.c.RepositoryConfigurationExtensionSupport - Spring Data JPA - Could not safely identify store assignment for repository candidate interface my.pro.job.util.aop.audit.AuditRepository. If you want this repository to be a JPA repository, consider annotating your entities with one of these annotations: javax.persistence.Entity, javax.persistence.MappedSuperclass (preferred), or consider extending one of the following types with your repository: org.springframework.data.jpa.repository.JpaRepository.
[2020-05-21 03:43:37.903] [yourJOB] [restartedMain] [] [INFO] o.s.d.r.c.RepositoryConfigurationDelegate - Finished Spring Data repository scanning in 228ms. Found 1 JPA repository interfaces.
[2020-05-21 03:43:37.924] [yourJOB] [restartedMain] [] [INFO] o.s.d.r.c.RepositoryConfigurationDelegate - Multiple Spring Data modules found, entering strict repository configuration mode!
[2020-05-21 03:43:37.926] [yourJOB] [restartedMain] [] [INFO] o.s.d.r.c.RepositoryConfigurationDelegate - Bootstrapping Spring Data LDAP repositories in DEFAULT mode.
[2020-05-21 03:43:37.979] [yourJOB] [restartedMain] [] [INFO] o.s.d.r.c.RepositoryConfigurationExtensionSupport - Spring Data LDAP - Could not safely identify store assignment for repository candidate interface my.pro.job.repository.AccountRepository. If you want this repository to be a LDAP repository, consider annotating your entities with one of these annotations: org.springframework.ldap.odm.annotations.Entry (preferred), or consider extending one of the following types with your repository: org.springframework.data.ldap.repository.LdapRepository.
[2020-05-21 03:43:37.981] [yourJOB] [restartedMain] [] [INFO] o.s.d.r.c.RepositoryConfigurationExtensionSupport - Spring Data LDAP - Could not safely identify store assignment for repository candidate interface my.pro.job.util.aop.audit.AuditRepository. If you want this repository to be a LDAP repository, consider annotating your entities with one of these annotations: org.springframework.ldap.odm.annotations.Entry (preferred), or consider extending one of the following types with your repository: org.springframework.data.ldap.repository.LdapRepository.
[2020-05-21 03:43:37.982] [yourJOB] [restartedMain] [] [INFO] o.s.d.r.c.RepositoryConfigurationDelegate - Finished Spring Data repository scanning in 54ms. Found 0 LDAP repository interfaces.
[2020-05-21 03:43:38.000] [yourJOB] [restartedMain] [] [INFO] o.s.d.r.c.RepositoryConfigurationDelegate - Multiple Spring Data modules found, entering strict repository configuration mode!
[2020-05-21 03:43:38.001] [yourJOB] [restartedMain] [] [INFO] o.s.d.r.c.RepositoryConfigurationDelegate - Bootstrapping Spring Data MongoDB repositories in DEFAULT mode.
[2020-05-21 03:43:38.046] [yourJOB] [restartedMain] [] [INFO] o.s.d.r.c.RepositoryConfigurationExtensionSupport - Spring Data MongoDB - Could not safely identify store assignment for repository candidate interface my.pro.job.repository.AccountRepository. If you want this repository to be a MongoDB repository, consider annotating your entities with one of these annotations: org.springframework.data.mongodb.core.mapping.Document (preferred), or consider extending one of the following types with your repository: org.springframework.data.mongodb.repository.MongoRepository.
[2020-05-21 03:43:38.090] [yourJOB] [restartedMain] [] [INFO] o.s.d.r.c.RepositoryConfigurationDelegate - Finished Spring Data repository scanning in 89ms. Found 1 MongoDB repository interfaces.
[2020-05-21 03:43:38.756] [yourJOB] [restartedMain] [] [INFO] o.s.cloud.context.scope.GenericScope - BeanFactory id=6fde3a16-2969-3a80-ba9e-718a4006336b
[2020-05-21 03:43:42.646] [yourJOB] [restartedMain] [] [INFO] o.s.b.w.e.tomcat.TomcatWebServer - Tomcat initialized with port(s): 9000 (http)
[2020-05-21 03:43:42.697] [yourJOB] [restartedMain] [] [INFO] o.a.coyote.http11.Http11NioProtocol - Initializing ProtocolHandler ["http-nio-9000"]
[2020-05-21 03:43:42.699] [yourJOB] [restartedMain] [] [INFO] o.a.catalina.core.StandardService - Starting service [Tomcat]
[2020-05-21 03:43:42.700] [yourJOB] [restartedMain] [] [INFO] o.a.catalina.core.StandardEngine - Starting Servlet engine: [Apache Tomcat/9.0.34]
[2020-05-21 03:43:43.078] [yourJOB] [restartedMain] [] [INFO] o.a.c.c.C.[Tomcat].[localhost].[/] - Initializing Spring embedded WebApplicationContext
[2020-05-21 03:43:43.079] [yourJOB] [restartedMain] [] [INFO] o.s.web.context.ContextLoader - Root WebApplicationContext: initialization completed in 8271 ms
[2020-05-21 03:43:43.653] [yourJOB] [restartedMain] [] [INFO] com.zaxxer.hikari.HikariDataSource - HikariPool-1 - Starting...
[2020-05-21 03:43:44.386] [yourJOB] [restartedMain] [] [INFO] com.zaxxer.hikari.HikariDataSource - HikariPool-1 - Start completed.
[2020-05-21 03:43:44.429] [yourJOB] [restartedMain] [] [INFO] o.s.b.a.h.H2ConsoleAutoConfiguration - H2 console available at '/h2-console'. Database available at 'jdbc:h2:mem:testdb'
[2020-05-21 03:43:44.767] [yourJOB] [restartedMain] [] [INFO] o.s.l.c.s.AbstractContextSource - Property 'userDn' not set - anonymous context will be used for read-write operations
[2020-05-21 03:43:46.628] [yourJOB] [restartedMain] [] [INFO] org.mongodb.driver.cluster - Cluster created with settings {hosts=[localhost:27017], mode=SINGLE, requiredClusterType=UNKNOWN, serverSelectionTimeout='30000 ms', maxWaitQueueSize=500}
[2020-05-21 03:43:46.798] [yourJOB] [cluster-ClusterId{value='5ec5f8f2669b8f6ca85a8ca7', description='null'}-localhost:27017] [] [INFO] org.mongodb.driver.connection - Opened connection [connectionId{localValue:1, serverValue:1743}] to localhost:27017
[2020-05-21 03:43:46.815] [yourJOB] [cluster-ClusterId{value='5ec5f8f2669b8f6ca85a8ca7', description='null'}-localhost:27017] [] [INFO] org.mongodb.driver.cluster - Monitor thread successfully connected to server with description ServerDescription{address=localhost:27017, type=STANDALONE, state=CONNECTED, ok=true, version=ServerVersion{versionList=[4, 2, 3]}, minWireVersion=0, maxWireVersion=8, maxDocumentSize=16777216, logicalSessionTimeoutMinutes=30, roundTripTimeNanos=9075700}
[2020-05-21 03:43:48.011] [yourJOB] [restartedMain] [] [INFO] o.h.jpa.internal.util.LogHelper - HHH000204: Processing PersistenceUnitInfo [name: default]
[2020-05-21 03:43:48.174] [yourJOB] [restartedMain] [] [INFO] org.hibernate.Version - HHH000412: Hibernate ORM core version 5.4.15.Final
[2020-05-21 03:43:48.620] [yourJOB] [restartedMain] [] [INFO] o.h.annotations.common.Version - HCANN000001: Hibernate Commons Annotations {5.1.0.Final}
[2020-05-21 03:43:49.115] [yourJOB] [restartedMain] [] [INFO] org.hibernate.dialect.Dialect - HHH000400: Using dialect: org.hibernate.dialect.H2Dialect
[2020-05-21 03:43:52.932] [yourJOB] [restartedMain] [] [INFO] o.h.e.t.j.p.i.JtaPlatformInitiator - HHH000490: Using JtaPlatform implementation: [org.hibernate.engine.transaction.jta.platform.internal.NoJtaPlatform]
[2020-05-21 03:43:52.953] [yourJOB] [restartedMain] [] [INFO] o.s.o.j.LocalContainerEntityManagerFactoryBean - Initialized JPA EntityManagerFactory for persistence unit 'default'
[2020-05-21 03:43:53.036] [yourJOB] [restartedMain] [] [INFO] o.s.b.d.a.OptionalLiveReloadServer - LiveReload server is running on port 35729
[2020-05-21 03:43:53.661] [yourJOB] [restartedMain] [] [WARN] o.s.b.a.o.j.JpaBaseConfiguration$JpaWebConfiguration - spring.jpa.open-in-view is enabled by default. Therefore, database queries may be performed during view rendering. Explicitly configure spring.jpa.open-in-view to disable this warning
[2020-05-21 03:43:54.896] [yourJOB] [restartedMain] [] [INFO] o.s.s.c.ThreadPoolTaskExecutor - Initializing ExecutorService 'applicationTaskExecutor'
[2020-05-21 03:43:58.004] [yourJOB] [restartedMain] [] [INFO] o.s.b.a.e.web.EndpointLinksResolver - Exposing 2 endpoint(s) beneath base path '/actuator'
[2020-05-21 03:43:58.115] [yourJOB] [restartedMain] [] [INFO] o.a.coyote.http11.Http11NioProtocol - Starting ProtocolHandler ["http-nio-9000"]
[2020-05-21 03:43:58.186] [yourJOB] [restartedMain] [] [INFO] o.s.b.w.e.tomcat.TomcatWebServer - Tomcat started on port(s): 9000 (http) with context path ''
[2020-05-21 03:44:00.149] [yourJOB] [restartedMain] [] [INFO] my.pro.job.YourJobApplication - Started YourJobApplication in 30.188 seconds (JVM running for 31.459)
